{
  "stats": {
    "suites": 1,
    "tests": 7,
    "passes": 7,
    "pending": 0,
    "failures": 0,
    "start": "2024-10-08T17:33:56.537Z",
    "end": "2024-10-08T17:34:17.825Z",
    "duration": 21288,
    "testsRegistered": 7,
    "passPercent": 100,
    "pendingPercent": 0,
    "other": 0,
    "hasOther": false,
    "skipped": 0,
    "hasSkipped": false
  },
  "results": [
    {
      "uuid": "dfc453de-8ba8-4845-a13c-be1fcdc4ce1b",
      "title": "",
      "fullFile": "cypress\\e2e\\web-barriga\\funcional.cy.js",
      "file": "cypress\\e2e\\web-barriga\\funcional.cy.js",
      "beforeHooks": [],
      "afterHooks": [],
      "tests": [],
      "suites": [
        {
          "uuid": "c8d5a255-8631-4661-9fa1-2c057546745c",
          "title": "Deve ter a nivel funcional",
          "fullFile": "",
          "file": "",
          "beforeHooks": [],
          "afterHooks": [],
          "tests": [
            {
              "title": "Deve inserir uma conta",
              "fullTitle": "Deve ter a nivel funcional Deve inserir uma conta",
              "timedOut": null,
              "duration": 4492,
              "state": "passed",
              "speed": "fast",
              "pass": true,
              "fail": false,
              "pending": false,
              "context": null,
              "code": "cy.resetApp();\ncy.get(_locators.default.MENU.HOME).click();\ncy.get(_locators.default.MENU.SETTINGS).click();\ncy.get(_locators.default.MENU.CONTAS).click();\ncy.get(_locators.default.CONTAS.NOME).type('Conta de teste');\ncy.get(_locators.default.CONTAS.BTN_SALVAR).click();\ncy.get(_locators.default.CONTAS.MSG_SUCESSO).should('contain', 'Conta inserida com sucesso!');",
              "err": {},
              "uuid": "34ab1b1c-3ca8-4c7c-aee7-4e1720b25d91",
              "parentUUID": "c8d5a255-8631-4661-9fa1-2c057546745c",
              "isHook": false,
              "skipped": false
            },
            {
              "title": "Deve alterar uma conta",
              "fullTitle": "Deve ter a nivel funcional Deve alterar uma conta",
              "timedOut": null,
              "duration": 2392,
              "state": "passed",
              "speed": "fast",
              "pass": true,
              "fail": false,
              "pending": false,
              "context": null,
              "code": "cy.get(_locators.default.MENU.SETTINGS).click();\ncy.get(_locators.default.MENU.CONTAS).click();\ncy.xpath(_locators.default.CONTAS.XP_BTN_ALTERAR('Conta para alterar')).click();\ncy.get(_locators.default.CONTAS.NOME).clear().type('Conta alterada');\ncy.get(_locators.default.CONTAS.BTN_SALVAR).click();\ncy.get(_locators.default.MESSAGE).should('contain', 'Conta atualizada com sucesso!');",
              "err": {},
              "uuid": "2bf83a65-9ccf-4074-8ed4-bfe4785e06ab",
              "parentUUID": "c8d5a255-8631-4661-9fa1-2c057546745c",
              "isHook": false,
              "skipped": false
            },
            {
              "title": "Deve criar uma conta com o mesmo nome",
              "fullTitle": "Deve ter a nivel funcional Deve criar uma conta com o mesmo nome",
              "timedOut": null,
              "duration": 2315,
              "state": "passed",
              "speed": "fast",
              "pass": true,
              "fail": false,
              "pending": false,
              "context": null,
              "code": "cy.get(_locators.default.MENU.SETTINGS).click();\ncy.get(_locators.default.MENU.CONTAS).click();\ncy.get(_locators.default.CONTAS.NOME).type('Conta mesmo nome');\ncy.get(_locators.default.CONTAS.BTN_SALVAR).click();\ncy.get(_locators.default.CONTAS.MSG_ERROR).should('contain', 'status code 400');",
              "err": {},
              "uuid": "fcb56d62-3179-439a-aac7-100df86c6ff1",
              "parentUUID": "c8d5a255-8631-4661-9fa1-2c057546745c",
              "isHook": false,
              "skipped": false
            },
            {
              "title": "Deve inserir uma movimentação",
              "fullTitle": "Deve ter a nivel funcional Deve inserir uma movimentação",
              "timedOut": null,
              "duration": 2890,
              "state": "passed",
              "speed": "fast",
              "pass": true,
              "fail": false,
              "pending": false,
              "context": null,
              "code": "cy.get(_locators.default.MENU.MOVIMENTACAO).click();\ncy.get(_locators.default.MOVIMENTACAO.DESCRICAO).type('Desc');\ncy.get(_locators.default.MOVIMENTACAO.VALOR).type('123');\ncy.get(_locators.default.MOVIMENTACAO.INTERESSADO).type('Inter');\ncy.get(_locators.default.MOVIMENTACAO.STATUS).click();\ncy.get(_locators.default.MOVIMENTACAO.CONTA).select('Conta para movimentacoes');\ncy.get(_locators.default.MOVIMENTACAO.BTN_SALVAR).click();\ncy.get(_locators.default.MOVIMENTACAO.MSG_SUCESSO).should('contain', 'Movimentação inserida com sucesso!');\ncy.get(_locators.default.MOVIMENTACAO.LISTA).should('have.length', 7);\ncy.xpath(_locators.default.EXTRATO.FN_XP_BUSCA_ELEMENTO('Desc', '123')).should('exist');",
              "err": {},
              "uuid": "b03ddbf1-f3cb-467c-9dbd-c3bf48c9eb8c",
              "parentUUID": "c8d5a255-8631-4661-9fa1-2c057546745c",
              "isHook": false,
              "skipped": false
            },
            {
              "title": "Deve pegar o saldo da conta",
              "fullTitle": "Deve ter a nivel funcional Deve pegar o saldo da conta",
              "timedOut": null,
              "duration": 3133,
              "state": "passed",
              "speed": "fast",
              "pass": true,
              "fail": false,
              "pending": false,
              "context": null,
              "code": "cy.get(_locators.default.MENU.HOME).click();\ncy.xpath(_locators.default.SALDO.FN_XP_SALDO_CONTA('Conta para saldo')).should('contain', '534');\ncy.get(_locators.default.MENU.EXTRATO).click();\ncy.xpath(_locators.default.EXTRATO.FN_XP_EDITAR_ELEMENTO('Movimentacao 1, calculo saldo')).click();\ncy.get(_locators.default.MOVIMENTACAO.DESCRICAO).should('have.value', 'Movimentacao 1, calculo saldo');\ncy.get(_locators.default.MOVIMENTACAO.STATUS).click();\ncy.get(_locators.default.MOVIMENTACAO.BTN_SALVAR).click();\ncy.get(_locators.default.MOVIMENTACAO.MSG_SUCESSO).should('contain', 'Movimentação alterada com sucesso!');\ncy.get(_locators.default.MENU.HOME).click();\ncy.xpath(_locators.default.SALDO.FN_XP_SALDO_CARTEIRA('Conta para saldo', '4.034,00')).should('exist');",
              "err": {},
              "uuid": "4f089378-0a1f-4302-82a4-3b8f3d996284",
              "parentUUID": "c8d5a255-8631-4661-9fa1-2c057546745c",
              "isHook": false,
              "skipped": false
            },
            {
              "title": "Deve remover uma movimentação",
              "fullTitle": "Deve ter a nivel funcional Deve remover uma movimentação",
              "timedOut": null,
              "duration": 1900,
              "state": "passed",
              "speed": "fast",
              "pass": true,
              "fail": false,
              "pending": false,
              "context": null,
              "code": "cy.get(_locators.default.MENU.EXTRATO).click();\ncy.xpath(_locators.default.EXTRATO.FN_XP_REMOVER_ELEMENTO('Movimentacao para exclusao')).click();\ncy.get(_locators.default.EXTRATO.MSG_SUCESSO).should('contain', 'Movimentação removida com sucesso!');",
              "err": {},
              "uuid": "d14ec799-097c-4942-9976-cc5dae830a98",
              "parentUUID": "c8d5a255-8631-4661-9fa1-2c057546745c",
              "isHook": false,
              "skipped": false
            },
            {
              "title": "Deve excluir uma conta",
              "fullTitle": "Deve ter a nivel funcional Deve excluir uma conta",
              "timedOut": null,
              "duration": 1866,
              "state": "passed",
              "speed": "fast",
              "pass": true,
              "fail": false,
              "pending": false,
              "context": null,
              "code": "cy.get(_locators.default.MENU.SETTINGS).click();\ncy.get(_locators.default.MENU.CONTAS).click();\ncy.xpath(_locators.default.CONTAS.XP_BTN_EXCLUIR('Conta alterada')).click();\ncy.get(_locators.default.MESSAGE).should('contain', 'Conta excluída com sucesso!');",
              "err": {},
              "uuid": "59c4b077-5cbe-4b55-9504-87348a9d1fab",
              "parentUUID": "c8d5a255-8631-4661-9fa1-2c057546745c",
              "isHook": false,
              "skipped": false
            }
          ],
          "suites": [],
          "passes": [
            "34ab1b1c-3ca8-4c7c-aee7-4e1720b25d91",
            "2bf83a65-9ccf-4074-8ed4-bfe4785e06ab",
            "fcb56d62-3179-439a-aac7-100df86c6ff1",
            "b03ddbf1-f3cb-467c-9dbd-c3bf48c9eb8c",
            "4f089378-0a1f-4302-82a4-3b8f3d996284",
            "d14ec799-097c-4942-9976-cc5dae830a98",
            "59c4b077-5cbe-4b55-9504-87348a9d1fab"
          ],
          "failures": [],
          "pending": [],
          "skipped": [],
          "duration": 18988,
          "root": false,
          "rootEmpty": false,
          "_timeout": 2000
        }
      ],
      "passes": [],
      "failures": [],
      "pending": [],
      "skipped": [],
      "duration": 0,
      "root": true,
      "rootEmpty": true,
      "_timeout": 2000
    }
  ],
  "meta": {
    "mocha": {
      "version": "7.0.1"
    },
    "mochawesome": {
      "options": {
        "quiet": false,
        "reportFilename": "mochawesome",
        "saveHtml": true,
        "saveJson": true,
        "consoleReporter": "spec",
        "useInlineDiffs": false,
        "code": true
      },
      "version": "7.1.3"
    },
    "marge": {
      "options": null,
      "version": "6.2.0"
    }
  }
}